[2025-11-15T13:02:04.760+0000] {taskinstance.py:1159} INFO - Dependencies all met for dep_context=non-requeueable deps ti=<TaskInstance: subway_daily_report.generate_daily_summary scheduled__2025-11-13T23:00:00+00:00 [queued]>
[2025-11-15T13:02:04.778+0000] {taskinstance.py:1159} INFO - Dependencies all met for dep_context=requeueable deps ti=<TaskInstance: subway_daily_report.generate_daily_summary scheduled__2025-11-13T23:00:00+00:00 [queued]>
[2025-11-15T13:02:04.779+0000] {taskinstance.py:1361} INFO - Starting attempt 1 of 2
[2025-11-15T13:02:04.807+0000] {taskinstance.py:1382} INFO - Executing <Task(PythonOperator): generate_daily_summary> on 2025-11-13 23:00:00+00:00
[2025-11-15T13:02:04.820+0000] {standard_task_runner.py:57} INFO - Started process 217 to run task
[2025-11-15T13:02:04.827+0000] {standard_task_runner.py:84} INFO - Running: ['***', 'tasks', 'run', 'subway_daily_report', 'generate_daily_summary', 'scheduled__2025-11-13T23:00:00+00:00', '--job-id', '72', '--raw', '--subdir', 'DAGS_FOLDER/subway_daily_report.py', '--cfg-path', '/tmp/tmptn0atdac']
[2025-11-15T13:02:04.834+0000] {standard_task_runner.py:85} INFO - Job 72: Subtask generate_daily_summary
[2025-11-15T13:02:04.967+0000] {task_command.py:416} INFO - Running <TaskInstance: subway_daily_report.generate_daily_summary scheduled__2025-11-13T23:00:00+00:00 [running]> on host de60d6d015ee
[2025-11-15T13:02:05.207+0000] {taskinstance.py:1662} INFO - Exporting env vars: AIRFLOW_CTX_DAG_OWNER='subway-admin' AIRFLOW_CTX_DAG_ID='subway_daily_report' AIRFLOW_CTX_TASK_ID='generate_daily_summary' AIRFLOW_CTX_EXECUTION_DATE='2025-11-13T23:00:00+00:00' AIRFLOW_CTX_TRY_NUMBER='1' AIRFLOW_CTX_DAG_RUN_ID='scheduled__2025-11-13T23:00:00+00:00'
[2025-11-15T13:02:05.241+0000] {base.py:73} INFO - Using connection ID 'subway_***' for task execution.
[2025-11-15T13:02:05.452+0000] {sql.py:418} INFO - Running statement: 
            SELECT
                COUNT(DISTINCT station_name) as total_stations,
                COUNT(*) as total_records,
                AVG(congestion_level) as avg_congestion,
                MAX(congestion_level) as max_congestion,
                MIN(congestion_level) as min_congestion
            FROM congestion_data
            WHERE timestamp >= CURRENT_DATE;
        , parameters: None
[2025-11-15T13:02:05.462+0000] {subway_daily_report.py:61} ERROR - [ERROR] Summary generation failed: 오류:  "congestion_data" 이름의 릴레이션(relation)이 없습니다
LINE 8:             FROM congestion_data
                         ^

[2025-11-15T13:02:05.465+0000] {taskinstance.py:1937} ERROR - Task failed with exception
Traceback (most recent call last):
  File "/home/airflow/.local/lib/python3.8/site-packages/airflow/operators/python.py", line 192, in execute
    return_value = self.execute_callable()
  File "/home/airflow/.local/lib/python3.8/site-packages/airflow/operators/python.py", line 209, in execute_callable
    return self.python_callable(*self.op_args, **self.op_kwargs)
  File "/opt/airflow/dags/subway_daily_report.py", line 45, in generate_daily_summary
    result = pg_hook.get_first(query)
  File "/home/airflow/.local/lib/python3.8/site-packages/airflow/providers/common/sql/hooks/sql.py", line 264, in get_first
    return self.run(sql=sql, parameters=parameters, handler=fetch_one_handler)
  File "/home/airflow/.local/lib/python3.8/site-packages/airflow/providers/common/sql/hooks/sql.py", line 392, in run
    self._run_command(cur, sql_statement, parameters)
  File "/home/airflow/.local/lib/python3.8/site-packages/airflow/providers/common/sql/hooks/sql.py", line 423, in _run_command
    cur.execute(sql_statement)
psycopg2.errors.UndefinedTable: 오류:  "congestion_data" 이름의 릴레이션(relation)이 없습니다
LINE 8:             FROM congestion_data
                         ^

[2025-11-15T13:02:05.521+0000] {taskinstance.py:1400} INFO - Marking task as UP_FOR_RETRY. dag_id=subway_daily_report, task_id=generate_daily_summary, execution_date=20251113T230000, start_date=20251115T130204, end_date=20251115T130205
[2025-11-15T13:02:05.561+0000] {standard_task_runner.py:104} ERROR - Failed to execute job 72 for task generate_daily_summary (오류:  "congestion_data" 이름의 릴레이션(relation)이 없습니다
LINE 8:             FROM congestion_data
                         ^
; 217)
[2025-11-15T13:02:05.646+0000] {local_task_job_runner.py:228} INFO - Task exited with return code 1
[2025-11-15T13:02:05.722+0000] {taskinstance.py:2778} INFO - 0 downstream tasks scheduled from follow-on schedule check
