[2025-11-15T13:02:08.316+0000] {taskinstance.py:1159} INFO - Dependencies all met for dep_context=non-requeueable deps ti=<TaskInstance: subway_daily_report.generate_top_congested manual__2025-11-15T13:02:06.565258+00:00 [queued]>
[2025-11-15T13:02:08.350+0000] {taskinstance.py:1159} INFO - Dependencies all met for dep_context=requeueable deps ti=<TaskInstance: subway_daily_report.generate_top_congested manual__2025-11-15T13:02:06.565258+00:00 [queued]>
[2025-11-15T13:02:08.352+0000] {taskinstance.py:1361} INFO - Starting attempt 1 of 2
[2025-11-15T13:02:08.399+0000] {taskinstance.py:1382} INFO - Executing <Task(PythonOperator): generate_top_congested> on 2025-11-15 13:02:06.565258+00:00
[2025-11-15T13:02:08.417+0000] {standard_task_runner.py:57} INFO - Started process 222 to run task
[2025-11-15T13:02:08.435+0000] {standard_task_runner.py:84} INFO - Running: ['***', 'tasks', 'run', 'subway_daily_report', 'generate_top_congested', 'manual__2025-11-15T13:02:06.565258+00:00', '--job-id', '75', '--raw', '--subdir', 'DAGS_FOLDER/subway_daily_report.py', '--cfg-path', '/tmp/tmpuj5bsrdx']
[2025-11-15T13:02:08.443+0000] {standard_task_runner.py:85} INFO - Job 75: Subtask generate_top_congested
[2025-11-15T13:02:08.638+0000] {task_command.py:416} INFO - Running <TaskInstance: subway_daily_report.generate_top_congested manual__2025-11-15T13:02:06.565258+00:00 [running]> on host de60d6d015ee
[2025-11-15T13:02:09.018+0000] {taskinstance.py:1662} INFO - Exporting env vars: AIRFLOW_CTX_DAG_OWNER='subway-admin' AIRFLOW_CTX_DAG_ID='subway_daily_report' AIRFLOW_CTX_TASK_ID='generate_top_congested' AIRFLOW_CTX_EXECUTION_DATE='2025-11-15T13:02:06.565258+00:00' AIRFLOW_CTX_TRY_NUMBER='1' AIRFLOW_CTX_DAG_RUN_ID='manual__2025-11-15T13:02:06.565258+00:00'
[2025-11-15T13:02:09.079+0000] {base.py:73} INFO - Using connection ID 'subway_***' for task execution.
[2025-11-15T13:02:09.480+0000] {sql.py:418} INFO - Running statement: 
            SELECT
                station_name,
                line_number,
                AVG(congestion_level) as avg_congestion,
                MAX(congestion_level) as max_congestion,
                COUNT(*) as data_count
            FROM congestion_data
            WHERE timestamp >= CURRENT_DATE
            GROUP BY station_name, line_number
            ORDER BY avg_congestion DESC
            LIMIT 10;
        , parameters: None
[2025-11-15T13:02:09.493+0000] {subway_daily_report.py:101} ERROR - [ERROR] Top congested report failed: 오류:  "congestion_data" 이름의 릴레이션(relation)이 없습니다
LINE 8:             FROM congestion_data
                         ^

[2025-11-15T13:02:09.495+0000] {taskinstance.py:1937} ERROR - Task failed with exception
Traceback (most recent call last):
  File "/home/airflow/.local/lib/python3.8/site-packages/airflow/operators/python.py", line 192, in execute
    return_value = self.execute_callable()
  File "/home/airflow/.local/lib/python3.8/site-packages/airflow/operators/python.py", line 209, in execute_callable
    return self.python_callable(*self.op_args, **self.op_kwargs)
  File "/opt/airflow/dags/subway_daily_report.py", line 83, in generate_top_congested
    results = pg_hook.get_records(query)
  File "/home/airflow/.local/lib/python3.8/site-packages/airflow/providers/common/sql/hooks/sql.py", line 255, in get_records
    return self.run(sql=sql, parameters=parameters, handler=fetch_all_handler)
  File "/home/airflow/.local/lib/python3.8/site-packages/airflow/providers/common/sql/hooks/sql.py", line 392, in run
    self._run_command(cur, sql_statement, parameters)
  File "/home/airflow/.local/lib/python3.8/site-packages/airflow/providers/common/sql/hooks/sql.py", line 423, in _run_command
    cur.execute(sql_statement)
psycopg2.errors.UndefinedTable: 오류:  "congestion_data" 이름의 릴레이션(relation)이 없습니다
LINE 8:             FROM congestion_data
                         ^

[2025-11-15T13:02:09.549+0000] {taskinstance.py:1400} INFO - Marking task as UP_FOR_RETRY. dag_id=subway_daily_report, task_id=generate_top_congested, execution_date=20251115T130206, start_date=20251115T130208, end_date=20251115T130209
[2025-11-15T13:02:09.593+0000] {standard_task_runner.py:104} ERROR - Failed to execute job 75 for task generate_top_congested (오류:  "congestion_data" 이름의 릴레이션(relation)이 없습니다
LINE 8:             FROM congestion_data
                         ^
; 222)
[2025-11-15T13:02:09.652+0000] {local_task_job_runner.py:228} INFO - Task exited with return code 1
[2025-11-15T13:02:09.695+0000] {taskinstance.py:2778} INFO - 0 downstream tasks scheduled from follow-on schedule check
