2025-11-22 22:21:02 [main] INFO  c.s.e.EurekaServerApplication - Starting EurekaServerApplication using Java 17.0.9 with PID 30224 (D:\subway-congestion-system\eureka-server\target\classes started by fhohf in D:\subway-congestion-system\eureka-server)
2025-11-22 22:21:02 [main] DEBUG c.s.e.EurekaServerApplication - Running with Spring Boot v3.2.0, Spring v6.1.1
2025-11-22 22:21:02 [main] INFO  c.s.e.EurekaServerApplication - No active profile set, falling back to 1 default profile: "default"
2025-11-22 22:21:05 [main] INFO  o.s.cloud.context.scope.GenericScope - BeanFactory id=0f9546ae-41de-3004-95a0-567cc4f062d9
2025-11-22 22:21:06 [main] WARN  o.s.c.s.PostProcessorRegistrationDelegate$BeanPostProcessorChecker - Bean 'org.springframework.cloud.client.loadbalancer.LoadBalancerAutoConfiguration$LoadBalancerInterceptorConfig' of type [org.springframework.cloud.client.loadbalancer.LoadBalancerAutoConfiguration$LoadBalancerInterceptorConfig] is not eligible for getting processed by all BeanPostProcessors (for example: not eligible for auto-proxying). The currently created BeanPostProcessor [lbRestClientPostProcessor] is declared through a non-static factory method on that class; consider declaring it as static instead.
2025-11-22 22:21:06 [main] WARN  o.s.c.s.PostProcessorRegistrationDelegate$BeanPostProcessorChecker - Bean 'org.springframework.cloud.loadbalancer.config.BlockingLoadBalancerClientAutoConfiguration' of type [org.springframework.cloud.loadbalancer.config.BlockingLoadBalancerClientAutoConfiguration] is not eligible for getting processed by all BeanPostProcessors (for example: not eligible for auto-proxying). Is this bean getting eagerly injected into a currently created BeanPostProcessor [lbRestClientPostProcessor]? Check the corresponding BeanPostProcessor declaration and its dependencies.
2025-11-22 22:21:06 [main] WARN  o.s.c.s.PostProcessorRegistrationDelegate$BeanPostProcessorChecker - Bean 'org.springframework.cloud.loadbalancer.config.LoadBalancerAutoConfiguration' of type [org.springframework.cloud.loadbalancer.config.LoadBalancerAutoConfiguration] is not eligible for getting processed by all BeanPostProcessors (for example: not eligible for auto-proxying). Is this bean getting eagerly injected into a currently created BeanPostProcessor [lbRestClientPostProcessor]? Check the corresponding BeanPostProcessor declaration and its dependencies.
2025-11-22 22:21:06 [main] WARN  o.s.c.s.PostProcessorRegistrationDelegate$BeanPostProcessorChecker - Bean 'org.springframework.cloud.commons.config.CommonsConfigAutoConfiguration' of type [org.springframework.cloud.commons.config.CommonsConfigAutoConfiguration] is not eligible for getting processed by all BeanPostProcessors (for example: not eligible for auto-proxying). Is this bean getting eagerly injected into a currently created BeanPostProcessor [lbRestClientPostProcessor]? Check the corresponding BeanPostProcessor declaration and its dependencies.
2025-11-22 22:21:06 [main] WARN  o.s.c.s.PostProcessorRegistrationDelegate$BeanPostProcessorChecker - Bean 'org.springframework.cloud.client.loadbalancer.LoadBalancerDefaultMappingsProviderAutoConfiguration' of type [org.springframework.cloud.client.loadbalancer.LoadBalancerDefaultMappingsProviderAutoConfiguration] is not eligible for getting processed by all BeanPostProcessors (for example: not eligible for auto-proxying). Is this bean getting eagerly injected into a currently created BeanPostProcessor [lbRestClientPostProcessor]? Check the corresponding BeanPostProcessor declaration and its dependencies.
2025-11-22 22:21:06 [main] WARN  o.s.c.s.PostProcessorRegistrationDelegate$BeanPostProcessorChecker - Bean 'loadBalancerClientsDefaultsMappingsProvider' of type [org.springframework.cloud.client.loadbalancer.LoadBalancerDefaultMappingsProviderAutoConfiguration$$Lambda$549/0x000001a11e390e88] is not eligible for getting processed by all BeanPostProcessors (for example: not eligible for auto-proxying). Is this bean getting eagerly injected into a currently created BeanPostProcessor [lbRestClientPostProcessor]? Check the corresponding BeanPostProcessor declaration and its dependencies.
2025-11-22 22:21:06 [main] WARN  o.s.c.s.PostProcessorRegistrationDelegate$BeanPostProcessorChecker - Bean 'defaultsBindHandlerAdvisor' of type [org.springframework.cloud.commons.config.DefaultsBindHandlerAdvisor] is not eligible for getting processed by all BeanPostProcessors (for example: not eligible for auto-proxying). Is this bean getting eagerly injected into a currently created BeanPostProcessor [lbRestClientPostProcessor]? Check the corresponding BeanPostProcessor declaration and its dependencies.
2025-11-22 22:21:06 [main] WARN  o.s.c.s.PostProcessorRegistrationDelegate$BeanPostProcessorChecker - Bean 'spring.cloud.loadbalancer-org.springframework.cloud.client.loadbalancer.LoadBalancerClientsProperties' of type [org.springframework.cloud.client.loadbalancer.LoadBalancerClientsProperties] is not eligible for getting processed by all BeanPostProcessors (for example: not eligible for auto-proxying). Is this bean getting eagerly injected into a currently created BeanPostProcessor [lbRestClientPostProcessor]? Check the corresponding BeanPostProcessor declaration and its dependencies.
2025-11-22 22:21:06 [main] WARN  o.s.c.s.PostProcessorRegistrationDelegate$BeanPostProcessorChecker - Bean 'default.org.springframework.cloud.loadbalancer.config.LoadBalancerAutoConfiguration.LoadBalancerClientSpecification' of type [org.springframework.cloud.loadbalancer.annotation.LoadBalancerClientSpecification] is not eligible for getting processed by all BeanPostProcessors (for example: not eligible for auto-proxying). Is this bean getting eagerly injected into a currently created BeanPostProcessor [lbRestClientPostProcessor]? Check the corresponding BeanPostProcessor declaration and its dependencies.
2025-11-22 22:21:06 [main] WARN  o.s.c.s.PostProcessorRegistrationDelegate$BeanPostProcessorChecker - Bean 'default.org.springframework.cloud.loadbalancer.config.BlockingLoadBalancerClientAutoConfiguration.LoadBalancerClientSpecification' of type [org.springframework.cloud.loadbalancer.annotation.LoadBalancerClientSpecification] is not eligible for getting processed by all BeanPostProcessors (for example: not eligible for auto-proxying). Is this bean getting eagerly injected into a currently created BeanPostProcessor [lbRestClientPostProcessor]? Check the corresponding BeanPostProcessor declaration and its dependencies.
2025-11-22 22:21:06 [main] WARN  o.s.c.s.PostProcessorRegistrationDelegate$BeanPostProcessorChecker - Bean 'default.org.springframework.cloud.netflix.eureka.loadbalancer.LoadBalancerEurekaAutoConfiguration.LoadBalancerClientSpecification' of type [org.springframework.cloud.loadbalancer.annotation.LoadBalancerClientSpecification] is not eligible for getting processed by all BeanPostProcessors (for example: not eligible for auto-proxying). Is this bean getting eagerly injected into a currently created BeanPostProcessor [lbRestClientPostProcessor]? Check the corresponding BeanPostProcessor declaration and its dependencies.
2025-11-22 22:21:06 [main] WARN  o.s.c.s.PostProcessorRegistrationDelegate$BeanPostProcessorChecker - Bean 'loadBalancerClientFactory' of type [org.springframework.cloud.loadbalancer.support.LoadBalancerClientFactory] is not eligible for getting processed by all BeanPostProcessors (for example: not eligible for auto-proxying). Is this bean getting eagerly injected into a currently created BeanPostProcessor [lbRestClientPostProcessor]? Check the corresponding BeanPostProcessor declaration and its dependencies.
2025-11-22 22:21:06 [main] WARN  o.s.c.s.PostProcessorRegistrationDelegate$BeanPostProcessorChecker - Bean 'blockingLoadBalancerClient' of type [org.springframework.cloud.loadbalancer.blocking.client.BlockingLoadBalancerClient] is not eligible for getting processed by all BeanPostProcessors (for example: not eligible for auto-proxying). Is this bean getting eagerly injected into a currently created BeanPostProcessor [lbRestClientPostProcessor]? Check the corresponding BeanPostProcessor declaration and its dependencies.
2025-11-22 22:21:06 [main] WARN  o.s.c.s.PostProcessorRegistrationDelegate$BeanPostProcessorChecker - Bean 'loadBalancerServiceInstanceCookieTransformer' of type [org.springframework.cloud.loadbalancer.core.LoadBalancerServiceInstanceCookieTransformer] is not eligible for getting processed by all BeanPostProcessors (for example: not eligible for auto-proxying). Is this bean getting eagerly injected into a currently created BeanPostProcessor [lbRestClientPostProcessor]? Check the corresponding BeanPostProcessor declaration and its dependencies.
2025-11-22 22:21:06 [main] WARN  o.s.c.s.PostProcessorRegistrationDelegate$BeanPostProcessorChecker - Bean 'xForwarderHeadersTransformer' of type [org.springframework.cloud.loadbalancer.blocking.XForwardedHeadersTransformer] is not eligible for getting processed by all BeanPostProcessors (for example: not eligible for auto-proxying). Is this bean getting eagerly injected into a currently created BeanPostProcessor [lbRestClientPostProcessor]? Check the corresponding BeanPostProcessor declaration and its dependencies.
2025-11-22 22:21:06 [main] WARN  o.s.c.s.PostProcessorRegistrationDelegate$BeanPostProcessorChecker - Bean 'org.springframework.cloud.client.loadbalancer.LoadBalancerAutoConfiguration' of type [org.springframework.cloud.client.loadbalancer.LoadBalancerAutoConfiguration] is not eligible for getting processed by all BeanPostProcessors (for example: not eligible for auto-proxying). Is this bean getting eagerly injected into a currently created BeanPostProcessor [lbRestClientPostProcessor]? Check the corresponding BeanPostProcessor declaration and its dependencies.
2025-11-22 22:21:06 [main] WARN  o.s.c.s.PostProcessorRegistrationDelegate$BeanPostProcessorChecker - Bean 'loadBalancerRequestFactory' of type [org.springframework.cloud.client.loadbalancer.LoadBalancerRequestFactory] is not eligible for getting processed by all BeanPostProcessors (for example: not eligible for auto-proxying). Is this bean getting eagerly injected into a currently created BeanPostProcessor [lbRestClientPostProcessor]? Check the corresponding BeanPostProcessor declaration and its dependencies.
2025-11-22 22:21:06 [main] WARN  o.s.c.s.PostProcessorRegistrationDelegate$BeanPostProcessorChecker - Bean 'loadBalancerInterceptor' of type [org.springframework.cloud.client.loadbalancer.LoadBalancerInterceptor] is not eligible for getting processed by all BeanPostProcessors (for example: not eligible for auto-proxying). Is this bean getting eagerly injected into a currently created BeanPostProcessor [lbRestClientPostProcessor]? Check the corresponding BeanPostProcessor declaration and its dependencies.
2025-11-22 22:21:08 [main] INFO  o.s.b.w.e.tomcat.TomcatWebServer - Tomcat initialized with port 8761 (http)
2025-11-22 22:21:08 [main] INFO  o.a.coyote.http11.Http11NioProtocol - Initializing ProtocolHandler ["http-nio-8761"]
2025-11-22 22:21:08 [main] INFO  o.a.catalina.core.StandardService - Starting service [Tomcat]
2025-11-22 22:21:08 [main] INFO  o.a.catalina.core.StandardEngine - Starting Servlet engine: [Apache Tomcat/10.1.16]
2025-11-22 22:21:08 [main] INFO  o.a.c.c.C.[Tomcat].[localhost].[/] - Initializing Spring embedded WebApplicationContext
2025-11-22 22:21:08 [main] INFO  o.s.b.w.s.c.ServletWebServerApplicationContext - Root WebApplicationContext: initialization completed in 6560 ms
2025-11-22 22:21:11 [main] INFO  c.n.d.p.DiscoveryJerseyProvider - Using JSON encoding codec LegacyJacksonJson
2025-11-22 22:21:11 [main] INFO  c.n.d.p.DiscoveryJerseyProvider - Using JSON decoding codec LegacyJacksonJson
2025-11-22 22:21:12 [main] INFO  c.n.d.p.DiscoveryJerseyProvider - Using XML encoding codec XStreamXml
2025-11-22 22:21:12 [main] INFO  c.n.d.p.DiscoveryJerseyProvider - Using XML decoding codec XStreamXml
2025-11-22 22:21:21 [main] INFO  o.s.cloud.commons.util.InetUtils - Cannot determine local hostname
2025-11-22 22:21:27 [main] INFO  o.s.cloud.commons.util.InetUtils - Cannot determine local hostname
2025-11-22 22:21:27 [main] WARN  o.s.c.l.c.LoadBalancerCacheAutoConfiguration$LoadBalancerCaffeineWarnLogger - Spring Cloud LoadBalancer is currently working with the default cache. While this cache implementation is useful for development and tests, it's recommended to use Caffeine cache in production.You can switch to using Caffeine cache, by adding it and org.springframework.cache.caffeine.CaffeineCacheManager to the classpath.
2025-11-22 22:21:27 [main] INFO  o.s.c.n.eureka.InstanceInfoFactory - Setting initial instance status as: STARTING
2025-11-22 22:21:27 [main] INFO  c.netflix.discovery.DiscoveryClient - Initializing Eureka in region us-east-1
2025-11-22 22:21:27 [main] INFO  c.netflix.discovery.DiscoveryClient - Client configured to neither register nor query for data.
2025-11-22 22:21:27 [main] INFO  c.netflix.discovery.DiscoveryClient - Discovery Client initialized at timestamp 1763817687713 with initial instances count: 0
2025-11-22 22:21:27 [main] INFO  c.n.e.DefaultEurekaServerContext - Initializing ...
2025-11-22 22:21:27 [main] WARN  c.n.eureka.cluster.PeerEurekaNodes - The replica size seems to be empty. Check the route 53 DNS Registry
2025-11-22 22:21:28 [main] INFO  c.n.e.r.AbstractInstanceRegistry - Finished initializing remote region registries. All known remote regions: []
2025-11-22 22:21:28 [main] INFO  c.n.e.DefaultEurekaServerContext - Initialized
2025-11-22 22:21:28 [main] INFO  o.s.b.a.e.web.EndpointLinksResolver - Exposing 4 endpoint(s) beneath base path '/actuator'
2025-11-22 22:21:28 [main] INFO  o.s.c.n.e.s.EurekaServiceRegistry - Registering application EUREKA-SERVER with eureka with status UP
2025-11-22 22:21:28 [main] INFO  o.a.coyote.http11.Http11NioProtocol - Starting ProtocolHandler ["http-nio-8761"]
2025-11-22 22:21:28 [main] INFO  o.s.c.n.e.s.EurekaServiceRegistry - Unregistering application EUREKA-SERVER with eureka with status DOWN
2025-11-22 22:21:28 [Thread-11] INFO  o.s.c.n.e.s.EurekaServerBootstrap - isAws returned false
2025-11-22 22:21:28 [Thread-11] INFO  o.s.c.n.e.s.EurekaServerBootstrap - Initialized server context
2025-11-22 22:21:28 [main] WARN  o.s.b.w.s.c.AnnotationConfigServletWebServerApplicationContext - Exception encountered during context initialization - cancelling refresh attempt: org.springframework.context.ApplicationContextException: Failed to start bean 'webServerStartStop'
2025-11-22 22:21:28 [Thread-11] INFO  c.n.e.r.PeerAwareInstanceRegistryImpl - Got 1 instances from neighboring DS node
2025-11-22 22:21:28 [main] INFO  c.n.e.DefaultEurekaServerContext - Shutting down ...
2025-11-22 22:21:28 [Thread-11] INFO  c.n.e.r.PeerAwareInstanceRegistryImpl - Renew threshold is: 1
2025-11-22 22:21:28 [Thread-11] INFO  c.n.e.r.PeerAwareInstanceRegistryImpl - Changing status to UP
2025-11-22 22:21:28 [Thread-11] ERROR o.s.c.n.e.s.EurekaServerBootstrap - Cannot bootstrap eureka server :
java.lang.IllegalStateException: Timer already cancelled.
	at java.base/java.util.Timer.sched(Timer.java:409)
	at java.base/java.util.Timer.schedule(Timer.java:260)
	at com.netflix.eureka.registry.AbstractInstanceRegistry.postInit(AbstractInstanceRegistry.java:1223)
	at com.netflix.eureka.registry.PeerAwareInstanceRegistryImpl.openForTraffic(PeerAwareInstanceRegistryImpl.java:260)
	at org.springframework.cloud.netflix.eureka.server.InstanceRegistry.openForTraffic(InstanceRegistry.java:76)
	at org.springframework.cloud.netflix.eureka.server.EurekaServerBootstrap.initEurekaServerContext(EurekaServerBootstrap.java:112)
	at org.springframework.cloud.netflix.eureka.server.EurekaServerBootstrap.contextInitialized(EurekaServerBootstrap.java:70)
	at org.springframework.cloud.netflix.eureka.server.EurekaServerInitializerConfiguration.lambda$start$0(EurekaServerInitializerConfiguration.java:67)
	at java.base/java.lang.Thread.run(Thread.java:842)
2025-11-22 22:21:28 [Thread-11] ERROR o.s.c.n.e.s.EurekaServerInitializerConfiguration - Could not initialize Eureka servlet context
java.lang.RuntimeException: Cannot bootstrap eureka server :
	at org.springframework.cloud.netflix.eureka.server.EurekaServerBootstrap.contextInitialized(EurekaServerBootstrap.java:76)
	at org.springframework.cloud.netflix.eureka.server.EurekaServerInitializerConfiguration.lambda$start$0(EurekaServerInitializerConfiguration.java:67)
	at java.base/java.lang.Thread.run(Thread.java:842)
Caused by: java.lang.IllegalStateException: Timer already cancelled.
	at java.base/java.util.Timer.sched(Timer.java:409)
	at java.base/java.util.Timer.schedule(Timer.java:260)
	at com.netflix.eureka.registry.AbstractInstanceRegistry.postInit(AbstractInstanceRegistry.java:1223)
	at com.netflix.eureka.registry.PeerAwareInstanceRegistryImpl.openForTraffic(PeerAwareInstanceRegistryImpl.java:260)
	at org.springframework.cloud.netflix.eureka.server.InstanceRegistry.openForTraffic(InstanceRegistry.java:76)
	at org.springframework.cloud.netflix.eureka.server.EurekaServerBootstrap.initEurekaServerContext(EurekaServerBootstrap.java:112)
	at org.springframework.cloud.netflix.eureka.server.EurekaServerBootstrap.contextInitialized(EurekaServerBootstrap.java:70)
	... 2 common frames omitted
2025-11-22 22:21:28 [main] INFO  c.n.e.DefaultEurekaServerContext - Shut down
2025-11-22 22:21:28 [main] INFO  c.netflix.discovery.DiscoveryClient - Shutting down DiscoveryClient ...
2025-11-22 22:21:28 [main] INFO  c.netflix.discovery.DiscoveryClient - Completed shut down of DiscoveryClient
2025-11-22 22:21:28 [main] INFO  o.s.b.a.l.ConditionEvaluationReportLogger - 

Error starting ApplicationContext. To display the condition evaluation report re-run your application with 'debug' enabled.
2025-11-22 22:21:28 [main] ERROR o.s.b.d.LoggingFailureAnalysisReporter - 

***************************
APPLICATION FAILED TO START
***************************

Description:

Web server failed to start. Port 8761 was already in use.

Action:

Identify and stop the process that's listening on port 8761 or configure this application to listen on another port.

