[2025-11-15T13:31:47.685+0000] {taskinstance.py:1159} INFO - Dependencies all met for dep_context=non-requeueable deps ti=<TaskInstance: subway_monitoring.check_database_size scheduled__2025-11-15T13:26:45.322113+00:00 [queued]>
[2025-11-15T13:31:47.824+0000] {taskinstance.py:1159} INFO - Dependencies all met for dep_context=requeueable deps ti=<TaskInstance: subway_monitoring.check_database_size scheduled__2025-11-15T13:26:45.322113+00:00 [queued]>
[2025-11-15T13:31:47.868+0000] {taskinstance.py:1361} INFO - Starting attempt 1 of 2
[2025-11-15T13:31:48.009+0000] {taskinstance.py:1382} INFO - Executing <Task(PythonOperator): check_database_size> on 2025-11-15 13:26:45.322113+00:00
[2025-11-15T13:31:48.093+0000] {standard_task_runner.py:57} INFO - Started process 1926 to run task
[2025-11-15T13:31:48.144+0000] {standard_task_runner.py:84} INFO - Running: ['***', 'tasks', 'run', 'subway_monitoring', 'check_database_size', 'scheduled__2025-11-15T13:26:45.322113+00:00', '--job-id', '170', '--raw', '--subdir', 'DAGS_FOLDER/subway_monitoring.py', '--cfg-path', '/tmp/tmpmur8zb1t']
[2025-11-15T13:31:48.212+0000] {standard_task_runner.py:85} INFO - Job 170: Subtask check_database_size
[2025-11-15T13:31:49.498+0000] {task_command.py:416} INFO - Running <TaskInstance: subway_monitoring.check_database_size scheduled__2025-11-15T13:26:45.322113+00:00 [running]> on host de60d6d015ee
[2025-11-15T13:31:50.793+0000] {taskinstance.py:1662} INFO - Exporting env vars: AIRFLOW_CTX_DAG_OWNER='subway-admin' AIRFLOW_CTX_DAG_ID='subway_monitoring' AIRFLOW_CTX_TASK_ID='check_database_size' AIRFLOW_CTX_EXECUTION_DATE='2025-11-15T13:26:45.322113+00:00' AIRFLOW_CTX_TRY_NUMBER='1' AIRFLOW_CTX_DAG_RUN_ID='scheduled__2025-11-15T13:26:45.322113+00:00'
[2025-11-15T13:31:50.962+0000] {base.py:73} INFO - Using connection ID 'subway_***' for task execution.
[2025-11-15T13:31:51.536+0000] {sql.py:418} INFO - Running statement: 
            SELECT
                pg_size_pretty(pg_total_relation_size('congestion_data')) as congestion_size,
                pg_size_pretty(pg_total_relation_size('hourly_stats')) as stats_size,
                pg_size_pretty(pg_database_size(current_database())) as db_size;
        , parameters: None
[2025-11-15T13:31:51.555+0000] {subway_monitoring.py:107} ERROR - [ERROR] Size check failed: 오류:  "congestion_data" 이름의 릴레이션(relation)이 없습니다
LINE 3: ...            pg_size_pretty(pg_total_relation_size('congestio...
                                                             ^

[2025-11-15T13:31:51.562+0000] {taskinstance.py:1937} ERROR - Task failed with exception
Traceback (most recent call last):
  File "/home/airflow/.local/lib/python3.8/site-packages/airflow/operators/python.py", line 192, in execute
    return_value = self.execute_callable()
  File "/home/airflow/.local/lib/python3.8/site-packages/airflow/operators/python.py", line 209, in execute_callable
    return self.python_callable(*self.op_args, **self.op_kwargs)
  File "/opt/airflow/dags/subway_monitoring.py", line 95, in check_database_size
    result = pg_hook.get_first(query)
  File "/home/airflow/.local/lib/python3.8/site-packages/airflow/providers/common/sql/hooks/sql.py", line 264, in get_first
    return self.run(sql=sql, parameters=parameters, handler=fetch_one_handler)
  File "/home/airflow/.local/lib/python3.8/site-packages/airflow/providers/common/sql/hooks/sql.py", line 392, in run
    self._run_command(cur, sql_statement, parameters)
  File "/home/airflow/.local/lib/python3.8/site-packages/airflow/providers/common/sql/hooks/sql.py", line 423, in _run_command
    cur.execute(sql_statement)
psycopg2.errors.UndefinedTable: 오류:  "congestion_data" 이름의 릴레이션(relation)이 없습니다
LINE 3: ...            pg_size_pretty(pg_total_relation_size('congestio...
                                                             ^

[2025-11-15T13:31:51.639+0000] {taskinstance.py:1400} INFO - Marking task as UP_FOR_RETRY. dag_id=subway_monitoring, task_id=check_database_size, execution_date=20251115T132645, start_date=20251115T133147, end_date=20251115T133151
[2025-11-15T13:31:51.686+0000] {standard_task_runner.py:104} ERROR - Failed to execute job 170 for task check_database_size (오류:  "congestion_data" 이름의 릴레이션(relation)이 없습니다
LINE 3: ...            pg_size_pretty(pg_total_relation_size('congestio...
                                                             ^
; 1926)
[2025-11-15T13:31:51.717+0000] {local_task_job_runner.py:228} INFO - Task exited with return code 1
[2025-11-15T13:31:51.953+0000] {taskinstance.py:2778} INFO - 0 downstream tasks scheduled from follow-on schedule check
