[2025-11-15T13:07:06.702+0000] {taskinstance.py:1159} INFO - Dependencies all met for dep_context=non-requeueable deps ti=<TaskInstance: subway_daily_report.generate_hourly_pattern scheduled__2025-11-13T23:00:00+00:00 [queued]>
[2025-11-15T13:07:06.720+0000] {taskinstance.py:1159} INFO - Dependencies all met for dep_context=requeueable deps ti=<TaskInstance: subway_daily_report.generate_hourly_pattern scheduled__2025-11-13T23:00:00+00:00 [queued]>
[2025-11-15T13:07:06.721+0000] {taskinstance.py:1361} INFO - Starting attempt 2 of 2
[2025-11-15T13:07:06.751+0000] {taskinstance.py:1382} INFO - Executing <Task(PythonOperator): generate_hourly_pattern> on 2025-11-13 23:00:00+00:00
[2025-11-15T13:07:06.764+0000] {standard_task_runner.py:57} INFO - Started process 514 to run task
[2025-11-15T13:07:06.772+0000] {standard_task_runner.py:84} INFO - Running: ['***', 'tasks', 'run', 'subway_daily_report', 'generate_hourly_pattern', 'scheduled__2025-11-13T23:00:00+00:00', '--job-id', '89', '--raw', '--subdir', 'DAGS_FOLDER/subway_daily_report.py', '--cfg-path', '/tmp/tmprur0kyo1']
[2025-11-15T13:07:06.780+0000] {standard_task_runner.py:85} INFO - Job 89: Subtask generate_hourly_pattern
[2025-11-15T13:07:06.918+0000] {task_command.py:416} INFO - Running <TaskInstance: subway_daily_report.generate_hourly_pattern scheduled__2025-11-13T23:00:00+00:00 [running]> on host de60d6d015ee
[2025-11-15T13:07:07.139+0000] {taskinstance.py:1662} INFO - Exporting env vars: AIRFLOW_CTX_DAG_OWNER='subway-admin' AIRFLOW_CTX_DAG_ID='subway_daily_report' AIRFLOW_CTX_TASK_ID='generate_hourly_pattern' AIRFLOW_CTX_EXECUTION_DATE='2025-11-13T23:00:00+00:00' AIRFLOW_CTX_TRY_NUMBER='2' AIRFLOW_CTX_DAG_RUN_ID='scheduled__2025-11-13T23:00:00+00:00'
[2025-11-15T13:07:07.171+0000] {base.py:73} INFO - Using connection ID 'subway_***' for task execution.
[2025-11-15T13:07:07.406+0000] {sql.py:418} INFO - Running statement: 
            SELECT
                EXTRACT(HOUR FROM timestamp)::INT as hour,
                AVG(congestion_level) as avg_congestion,
                COUNT(*) as record_count
            FROM congestion_data
            WHERE timestamp >= CURRENT_DATE
            GROUP BY EXTRACT(HOUR FROM timestamp)
            ORDER BY hour;
        , parameters: None
[2025-11-15T13:07:07.418+0000] {subway_daily_report.py:135} ERROR - [ERROR] Hourly pattern analysis failed: 오류:  "congestion_data" 이름의 릴레이션(relation)이 없습니다
LINE 6:             FROM congestion_data
                         ^

[2025-11-15T13:07:07.420+0000] {taskinstance.py:1937} ERROR - Task failed with exception
Traceback (most recent call last):
  File "/home/airflow/.local/lib/python3.8/site-packages/airflow/operators/python.py", line 192, in execute
    return_value = self.execute_callable()
  File "/home/airflow/.local/lib/python3.8/site-packages/airflow/operators/python.py", line 209, in execute_callable
    return self.python_callable(*self.op_args, **self.op_kwargs)
  File "/opt/airflow/dags/subway_daily_report.py", line 120, in generate_hourly_pattern
    results = pg_hook.get_records(query)
  File "/home/airflow/.local/lib/python3.8/site-packages/airflow/providers/common/sql/hooks/sql.py", line 255, in get_records
    return self.run(sql=sql, parameters=parameters, handler=fetch_all_handler)
  File "/home/airflow/.local/lib/python3.8/site-packages/airflow/providers/common/sql/hooks/sql.py", line 392, in run
    self._run_command(cur, sql_statement, parameters)
  File "/home/airflow/.local/lib/python3.8/site-packages/airflow/providers/common/sql/hooks/sql.py", line 423, in _run_command
    cur.execute(sql_statement)
psycopg2.errors.UndefinedTable: 오류:  "congestion_data" 이름의 릴레이션(relation)이 없습니다
LINE 6:             FROM congestion_data
                         ^

[2025-11-15T13:07:07.495+0000] {taskinstance.py:1400} INFO - Marking task as FAILED. dag_id=subway_daily_report, task_id=generate_hourly_pattern, execution_date=20251113T230000, start_date=20251115T130706, end_date=20251115T130707
[2025-11-15T13:07:07.534+0000] {standard_task_runner.py:104} ERROR - Failed to execute job 89 for task generate_hourly_pattern (오류:  "congestion_data" 이름의 릴레이션(relation)이 없습니다
LINE 6:             FROM congestion_data
                         ^
; 514)
[2025-11-15T13:07:07.589+0000] {local_task_job_runner.py:228} INFO - Task exited with return code 1
[2025-11-15T13:07:07.648+0000] {taskinstance.py:2778} INFO - 0 downstream tasks scheduled from follow-on schedule check
