[2025-11-15T13:36:20.754+0000] {taskinstance.py:1159} INFO - Dependencies all met for dep_context=non-requeueable deps ti=<TaskInstance: subway_monitoring.check_data_freshness scheduled__2025-11-15T13:31:19.383328+00:00 [queued]>
[2025-11-15T13:36:20.776+0000] {taskinstance.py:1159} INFO - Dependencies all met for dep_context=requeueable deps ti=<TaskInstance: subway_monitoring.check_data_freshness scheduled__2025-11-15T13:31:19.383328+00:00 [queued]>
[2025-11-15T13:36:20.777+0000] {taskinstance.py:1361} INFO - Starting attempt 1 of 2
[2025-11-15T13:36:20.811+0000] {taskinstance.py:1382} INFO - Executing <Task(PythonOperator): check_data_freshness> on 2025-11-15 13:31:19.383328+00:00
[2025-11-15T13:36:20.826+0000] {standard_task_runner.py:57} INFO - Started process 2158 to run task
[2025-11-15T13:36:20.834+0000] {standard_task_runner.py:84} INFO - Running: ['***', 'tasks', 'run', 'subway_monitoring', 'check_data_freshness', 'scheduled__2025-11-15T13:31:19.383328+00:00', '--job-id', '177', '--raw', '--subdir', 'DAGS_FOLDER/subway_monitoring.py', '--cfg-path', '/tmp/tmp3p91_6bt']
[2025-11-15T13:36:20.842+0000] {standard_task_runner.py:85} INFO - Job 177: Subtask check_data_freshness
[2025-11-15T13:36:21.031+0000] {task_command.py:416} INFO - Running <TaskInstance: subway_monitoring.check_data_freshness scheduled__2025-11-15T13:31:19.383328+00:00 [running]> on host de60d6d015ee
[2025-11-15T13:36:21.477+0000] {taskinstance.py:1662} INFO - Exporting env vars: AIRFLOW_CTX_DAG_OWNER='subway-admin' AIRFLOW_CTX_DAG_ID='subway_monitoring' AIRFLOW_CTX_TASK_ID='check_data_freshness' AIRFLOW_CTX_EXECUTION_DATE='2025-11-15T13:31:19.383328+00:00' AIRFLOW_CTX_TRY_NUMBER='1' AIRFLOW_CTX_DAG_RUN_ID='scheduled__2025-11-15T13:31:19.383328+00:00'
[2025-11-15T13:36:21.556+0000] {base.py:73} INFO - Using connection ID 'subway_***' for task execution.
[2025-11-15T13:36:22.001+0000] {sql.py:418} INFO - Running statement: 
            SELECT MAX(timestamp) as latest_timestamp
            FROM congestion_data;
        , parameters: None
[2025-11-15T13:36:22.020+0000] {subway_monitoring.py:55} ERROR - [ERROR] Freshness check failed: 오류:  "congestion_data" 이름의 릴레이션(relation)이 없습니다
LINE 3:             FROM congestion_data;
                         ^

[2025-11-15T13:36:22.022+0000] {taskinstance.py:1937} ERROR - Task failed with exception
Traceback (most recent call last):
  File "/home/airflow/.local/lib/python3.8/site-packages/airflow/operators/python.py", line 192, in execute
    return_value = self.execute_callable()
  File "/home/airflow/.local/lib/python3.8/site-packages/airflow/operators/python.py", line 209, in execute_callable
    return self.python_callable(*self.op_args, **self.op_kwargs)
  File "/opt/airflow/dags/subway_monitoring.py", line 36, in check_data_freshness
    result = pg_hook.get_first(query)
  File "/home/airflow/.local/lib/python3.8/site-packages/airflow/providers/common/sql/hooks/sql.py", line 264, in get_first
    return self.run(sql=sql, parameters=parameters, handler=fetch_one_handler)
  File "/home/airflow/.local/lib/python3.8/site-packages/airflow/providers/common/sql/hooks/sql.py", line 392, in run
    self._run_command(cur, sql_statement, parameters)
  File "/home/airflow/.local/lib/python3.8/site-packages/airflow/providers/common/sql/hooks/sql.py", line 423, in _run_command
    cur.execute(sql_statement)
psycopg2.errors.UndefinedTable: 오류:  "congestion_data" 이름의 릴레이션(relation)이 없습니다
LINE 3:             FROM congestion_data;
                         ^

[2025-11-15T13:36:22.074+0000] {taskinstance.py:1400} INFO - Marking task as UP_FOR_RETRY. dag_id=subway_monitoring, task_id=check_data_freshness, execution_date=20251115T133119, start_date=20251115T133620, end_date=20251115T133622
[2025-11-15T13:36:22.150+0000] {standard_task_runner.py:104} ERROR - Failed to execute job 177 for task check_data_freshness (오류:  "congestion_data" 이름의 릴레이션(relation)이 없습니다
LINE 3:             FROM congestion_data;
                         ^
; 2158)
[2025-11-15T13:36:22.220+0000] {local_task_job_runner.py:228} INFO - Task exited with return code 1
[2025-11-15T13:36:22.291+0000] {taskinstance.py:2778} INFO - 0 downstream tasks scheduled from follow-on schedule check
