[2025-11-15T13:10:09.322+0000] {taskinstance.py:1159} INFO - Dependencies all met for dep_context=non-requeueable deps ti=<TaskInstance: subway_data_pipeline.check_quality scheduled__2025-11-15T13:00:07.352107+00:00 [queued]>
[2025-11-15T13:10:09.339+0000] {taskinstance.py:1159} INFO - Dependencies all met for dep_context=requeueable deps ti=<TaskInstance: subway_data_pipeline.check_quality scheduled__2025-11-15T13:00:07.352107+00:00 [queued]>
[2025-11-15T13:10:09.340+0000] {taskinstance.py:1361} INFO - Starting attempt 1 of 2
[2025-11-15T13:10:09.360+0000] {taskinstance.py:1382} INFO - Executing <Task(PythonOperator): check_quality> on 2025-11-15 13:00:07.352107+00:00
[2025-11-15T13:10:09.367+0000] {standard_task_runner.py:57} INFO - Started process 680 to run task
[2025-11-15T13:10:09.373+0000] {standard_task_runner.py:84} INFO - Running: ['***', 'tasks', 'run', 'subway_data_pipeline', 'check_quality', 'scheduled__2025-11-15T13:00:07.352107+00:00', '--job-id', '95', '--raw', '--subdir', 'DAGS_FOLDER/subway_data_pipeline.py', '--cfg-path', '/tmp/tmp5rd444sg']
[2025-11-15T13:10:09.378+0000] {standard_task_runner.py:85} INFO - Job 95: Subtask check_quality
[2025-11-15T13:10:09.470+0000] {task_command.py:416} INFO - Running <TaskInstance: subway_data_pipeline.check_quality scheduled__2025-11-15T13:00:07.352107+00:00 [running]> on host de60d6d015ee
[2025-11-15T13:10:09.615+0000] {taskinstance.py:1662} INFO - Exporting env vars: AIRFLOW_CTX_DAG_OWNER='subway-admin' AIRFLOW_CTX_DAG_ID='subway_data_pipeline' AIRFLOW_CTX_TASK_ID='check_quality' AIRFLOW_CTX_EXECUTION_DATE='2025-11-15T13:00:07.352107+00:00' AIRFLOW_CTX_TRY_NUMBER='1' AIRFLOW_CTX_DAG_RUN_ID='scheduled__2025-11-15T13:00:07.352107+00:00'
[2025-11-15T13:10:09.639+0000] {base.py:73} INFO - Using connection ID 'subway_***' for task execution.
[2025-11-15T13:10:09.780+0000] {sql.py:418} INFO - Running statement: 
            SELECT COUNT(*) FROM congestion_data
            WHERE timestamp > NOW() - INTERVAL '10 minutes'
        , parameters: None
[2025-11-15T13:10:09.789+0000] {subway_data_pipeline.py:59} ERROR - [ERROR] Quality check failed: 오류:  "congestion_data" 이름의 릴레이션(relation)이 없습니다
LINE 2:             SELECT COUNT(*) FROM congestion_data
                                         ^

[2025-11-15T13:10:09.790+0000] {taskinstance.py:1937} ERROR - Task failed with exception
Traceback (most recent call last):
  File "/home/airflow/.local/lib/python3.8/site-packages/airflow/operators/python.py", line 192, in execute
    return_value = self.execute_callable()
  File "/home/airflow/.local/lib/python3.8/site-packages/airflow/operators/python.py", line 209, in execute_callable
    return self.python_callable(*self.op_args, **self.op_kwargs)
  File "/opt/airflow/dags/subway_data_pipeline.py", line 47, in check_quality
    result = pg_hook.get_first(query)
  File "/home/airflow/.local/lib/python3.8/site-packages/airflow/providers/common/sql/hooks/sql.py", line 264, in get_first
    return self.run(sql=sql, parameters=parameters, handler=fetch_one_handler)
  File "/home/airflow/.local/lib/python3.8/site-packages/airflow/providers/common/sql/hooks/sql.py", line 392, in run
    self._run_command(cur, sql_statement, parameters)
  File "/home/airflow/.local/lib/python3.8/site-packages/airflow/providers/common/sql/hooks/sql.py", line 423, in _run_command
    cur.execute(sql_statement)
psycopg2.errors.UndefinedTable: 오류:  "congestion_data" 이름의 릴레이션(relation)이 없습니다
LINE 2:             SELECT COUNT(*) FROM congestion_data
                                         ^

[2025-11-15T13:10:09.819+0000] {taskinstance.py:1400} INFO - Marking task as UP_FOR_RETRY. dag_id=subway_data_pipeline, task_id=check_quality, execution_date=20251115T130007, start_date=20251115T131009, end_date=20251115T131009
[2025-11-15T13:10:09.837+0000] {standard_task_runner.py:104} ERROR - Failed to execute job 95 for task check_quality (오류:  "congestion_data" 이름의 릴레이션(relation)이 없습니다
LINE 2:             SELECT COUNT(*) FROM congestion_data
                                         ^
; 680)
[2025-11-15T13:10:09.867+0000] {local_task_job_runner.py:228} INFO - Task exited with return code 1
[2025-11-15T13:10:09.908+0000] {taskinstance.py:2778} INFO - 0 downstream tasks scheduled from follow-on schedule check
